<?xml version="1.0" encoding="UTF-8"?>
<testng-results ignored="0" total="1" passed="1" failed="0" skipped="0">
  <reporter-output>
  </reporter-output>
  <suite started-at="2024-11-24T19:23:14 IST" name="Default suite" finished-at="2024-11-24T19:23:35 IST" duration-ms="20776">
    <groups>
    </groups>
    <test started-at="2024-11-24T19:23:14 IST" name="Default test" finished-at="2024-11-24T19:23:35 IST" duration-ms="20776">
      <class name="gettingstarted.RtCampAssignment">
        <test-method signature="loginTest()[pri:0, instance:gettingstarted.RtCampAssignment@747ddf94]" started-at="2024-11-24T19:23:14 IST" name="loginTest" finished-at="2024-11-24T19:23:35 IST" duration-ms="20735" status="PASS">
          <reporter-output>
          </reporter-output>
        </test-method> <!-- loginTest -->
      </class> <!-- gettingstarted.RtCampAssignment -->
    </test> <!-- Default test -->
  </suite> <!-- Default suite -->
</testng-results>
